<?xml version="1.0" encoding="UTF-8"?>
<coverage generated="1671784797296" clover="3.2.0">
  <project timestamp="1671784797296" name="All files">
    <metrics statements="124" coveredstatements="124" conditionals="51" coveredconditionals="51" methods="52" coveredmethods="52" elements="227" coveredelements="227" complexity="0" loc="124" ncloc="124" packages="1" files="1" classes="1"/>
    <file name="db.js" path="C:\Users\khoury\Documents\GitHub\Projet_APPSINF_LINFO1212_GROUPE_PF01\db.js">
      <metrics statements="124" coveredstatements="124" conditionals="51" coveredconditionals="51" methods="52" coveredmethods="52"/>
      <line num="1" count="1" type="stmt"/>
      <line num="2" count="1" type="stmt"/>
      <line num="3" count="1" type="stmt"/>
      <line num="4" count="1" type="stmt"/>
      <line num="5" count="1" type="stmt"/>
      <line num="13" count="1" type="stmt"/>
      <line num="40" count="1" type="stmt"/>
      <line num="72" count="1" type="stmt"/>
      <line num="110" count="9" type="stmt"/>
      <line num="111" count="7" type="cond" truecount="2" falsecount="0"/>
      <line num="112" count="5" type="stmt"/>
      <line num="114" count="2" type="stmt"/>
      <line num="117" count="2" type="stmt"/>
      <line num="118" count="2" type="stmt"/>
      <line num="123" count="5" type="stmt"/>
      <line num="124" count="5" type="cond" truecount="2" falsecount="0"/>
      <line num="125" count="3" type="stmt"/>
      <line num="127" count="2" type="stmt"/>
      <line num="134" count="2" type="stmt"/>
      <line num="135" count="2" type="cond" truecount="2" falsecount="0"/>
      <line num="136" count="1" type="stmt"/>
      <line num="138" count="1" type="stmt"/>
      <line num="143" count="2" type="stmt"/>
      <line num="144" count="2" type="cond" truecount="2" falsecount="0"/>
      <line num="145" count="1" type="stmt"/>
      <line num="147" count="1" type="stmt"/>
      <line num="153" count="3" type="stmt"/>
      <line num="154" count="2" type="cond" truecount="2" falsecount="0"/>
      <line num="155" count="1" type="stmt"/>
      <line num="157" count="1" type="stmt"/>
      <line num="160" count="1" type="stmt"/>
      <line num="161" count="1" type="stmt"/>
      <line num="165" count="4" type="stmt"/>
      <line num="166" count="4" type="stmt"/>
      <line num="167" count="4" type="stmt"/>
      <line num="168" count="2" type="stmt"/>
      <line num="170" count="2" type="stmt"/>
      <line num="171" count="2" type="stmt"/>
      <line num="175" count="3" type="stmt"/>
      <line num="176" count="3" type="cond" truecount="2" falsecount="0"/>
      <line num="177" count="2" type="cond" truecount="2" falsecount="0"/>
      <line num="178" count="1" type="stmt"/>
      <line num="179" count="1" type="stmt"/>
      <line num="180" count="1" type="stmt"/>
      <line num="181" count="1" type="stmt"/>
      <line num="183" count="2" type="cond" truecount="2" falsecount="0"/>
      <line num="184" count="1" type="stmt"/>
      <line num="185" count="1" type="stmt"/>
      <line num="187" count="2" type="cond" truecount="2" falsecount="0"/>
      <line num="188" count="1" type="stmt"/>
      <line num="189" count="1" type="stmt"/>
      <line num="191" count="2" type="stmt"/>
      <line num="196" count="2" type="stmt"/>
      <line num="197" count="2" type="stmt"/>
      <line num="199" count="2" type="cond" truecount="2" falsecount="0"/>
      <line num="200" count="1" type="stmt"/>
      <line num="202" count="1" type="stmt"/>
      <line num="206" count="1" type="stmt"/>
      <line num="209" count="1" type="stmt"/>
      <line num="218" count="1" type="stmt"/>
      <line num="219" count="1" type="stmt"/>
      <line num="227" count="12" type="stmt"/>
      <line num="229" count="12" type="cond" truecount="2" falsecount="0"/>
      <line num="230" count="11" type="stmt"/>
      <line num="232" count="1" type="stmt"/>
      <line num="237" count="10" type="stmt"/>
      <line num="239" count="10" type="cond" truecount="2" falsecount="0"/>
      <line num="240" count="6" type="stmt"/>
      <line num="242" count="4" type="stmt"/>
      <line num="247" count="4" type="cond" truecount="4" falsecount="0"/>
      <line num="248" count="2" type="cond" truecount="4" falsecount="0"/>
      <line num="249" count="1" type="stmt"/>
      <line num="251" count="1" type="stmt"/>
      <line num="254" count="2" type="cond" truecount="4" falsecount="0"/>
      <line num="255" count="1" type="stmt"/>
      <line num="257" count="1" type="stmt"/>
      <line num="261" count="7" type="stmt"/>
      <line num="267" count="6" type="stmt"/>
      <line num="268" count="6" type="stmt"/>
      <line num="270" count="1" type="stmt"/>
      <line num="271" count="1" type="stmt"/>
      <line num="285" count="10" type="stmt"/>
      <line num="293" count="10" type="stmt"/>
      <line num="294" count="10" type="stmt"/>
      <line num="299" count="1" type="stmt"/>
      <line num="300" count="1" type="stmt"/>
      <line num="306" count="2" type="stmt"/>
      <line num="307" count="2" type="cond" truecount="2" falsecount="0"/>
      <line num="308" count="1" type="stmt"/>
      <line num="310" count="1" type="stmt"/>
      <line num="318" count="3" type="stmt"/>
      <line num="319" count="3" type="cond" truecount="2" falsecount="0"/>
      <line num="320" count="2" type="cond" truecount="2" falsecount="0"/>
      <line num="321" count="1" type="stmt"/>
      <line num="322" count="1" type="stmt"/>
      <line num="324" count="2" type="cond" truecount="2" falsecount="0"/>
      <line num="325" count="1" type="stmt"/>
      <line num="326" count="1" type="stmt"/>
      <line num="327" count="1" type="stmt"/>
      <line num="328" count="1" type="stmt"/>
      <line num="331" count="2" type="cond" truecount="2" falsecount="0"/>
      <line num="332" count="1" type="stmt"/>
      <line num="333" count="1" type="stmt"/>
      <line num="334" count="1" type="stmt"/>
      <line num="335" count="1" type="stmt"/>
      <line num="338" count="2" type="cond" truecount="2" falsecount="0"/>
      <line num="339" count="1" type="stmt"/>
      <line num="340" count="1" type="stmt"/>
      <line num="341" count="1" type="stmt"/>
      <line num="342" count="1" type="stmt"/>
      <line num="345" count="2" type="stmt"/>
      <line num="350" count="11" type="stmt"/>
      <line num="351" count="11" type="stmt"/>
      <line num="353" count="1" type="stmt"/>
      <line num="354" count="1" type="stmt"/>
      <line num="360" count="7" type="stmt"/>
      <line num="361" count="7" type="stmt"/>
      <line num="363" count="1" type="stmt"/>
      <line num="364" count="1" type="stmt"/>
      <line num="370" count="2" type="stmt"/>
      <line num="371" count="2" type="stmt"/>
      <line num="373" count="2" type="stmt"/>
      <line num="374" count="2" type="stmt"/>
      <line num="382" count="1" type="stmt"/>
    </file>
  </project>
</coverage>
