{"C:\\Users\\khoury\\Documents\\GitHub\\Projet_APPSINF_LINFO1212_GROUPE_PF01\\db.js": {"path":"C:\\Users\\khoury\\Documents\\GitHub\\Projet_APPSINF_LINFO1212_GROUPE_PF01\\db.js","statementMap":{"0":{"start":{"line":1,"column":66},"end":{"line":1,"column":86}},"1":{"start":{"line":2,"column":15},"end":{"line":2,"column":32}},"2":{"start":{"line":3,"column":15},"end":{"line":3,"column":32}},"3":{"start":{"line":4,"column":11},"end":{"line":4,"column":23}},"4":{"start":{"line":5,"column":18},"end":{"line":8,"column":2}},"5":{"start":{"line":13,"column":0},"end":{"line":39,"column":32}},"6":{"start":{"line":40,"column":0},"end":{"line":71,"column":37}},"7":{"start":{"line":72,"column":0},"end":{"line":107,"column":41}},"8":{"start":{"line":110,"column":4},"end":{"line":119,"column":6}},"9":{"start":{"line":111,"column":8},"end":{"line":115,"column":9}},"10":{"start":{"line":112,"column":12},"end":{"line":112,"column":39}},"11":{"start":{"line":114,"column":12},"end":{"line":114,"column":24}},"12":{"start":{"line":117,"column":8},"end":{"line":117,"column":69}},"13":{"start":{"line":118,"column":8},"end":{"line":118,"column":20}},"14":{"start":{"line":123,"column":4},"end":{"line":129,"column":6}},"15":{"start":{"line":124,"column":8},"end":{"line":128,"column":9}},"16":{"start":{"line":125,"column":12},"end":{"line":125,"column":43}},"17":{"start":{"line":127,"column":12},"end":{"line":127,"column":24}},"18":{"start":{"line":134,"column":4},"end":{"line":140,"column":6}},"19":{"start":{"line":135,"column":8},"end":{"line":139,"column":9}},"20":{"start":{"line":136,"column":12},"end":{"line":136,"column":45}},"21":{"start":{"line":138,"column":12},"end":{"line":138,"column":24}},"22":{"start":{"line":143,"column":4},"end":{"line":149,"column":6}},"23":{"start":{"line":144,"column":8},"end":{"line":148,"column":9}},"24":{"start":{"line":145,"column":12},"end":{"line":145,"column":39}},"25":{"start":{"line":147,"column":12},"end":{"line":147,"column":24}},"26":{"start":{"line":153,"column":4},"end":{"line":162,"column":6}},"27":{"start":{"line":154,"column":8},"end":{"line":158,"column":9}},"28":{"start":{"line":155,"column":12},"end":{"line":155,"column":36}},"29":{"start":{"line":157,"column":12},"end":{"line":157,"column":24}},"30":{"start":{"line":160,"column":8},"end":{"line":160,"column":75}},"31":{"start":{"line":161,"column":8},"end":{"line":161,"column":20}},"32":{"start":{"line":165,"column":4},"end":{"line":165,"column":31}},"33":{"start":{"line":166,"column":4},"end":{"line":166,"column":32}},"34":{"start":{"line":167,"column":4},"end":{"line":172,"column":6}},"35":{"start":{"line":168,"column":8},"end":{"line":168,"column":27}},"36":{"start":{"line":170,"column":8},"end":{"line":170,"column":50}},"37":{"start":{"line":171,"column":8},"end":{"line":171,"column":20}},"38":{"start":{"line":175,"column":4},"end":{"line":193,"column":6}},"39":{"start":{"line":176,"column":8},"end":{"line":192,"column":9}},"40":{"start":{"line":177,"column":12},"end":{"line":182,"column":13}},"41":{"start":{"line":178,"column":16},"end":{"line":178,"column":43}},"42":{"start":{"line":179,"column":29},"end":{"line":179,"column":51}},"43":{"start":{"line":180,"column":33},"end":{"line":180,"column":67}},"44":{"start":{"line":181,"column":16},"end":{"line":181,"column":78}},"45":{"start":{"line":183,"column":12},"end":{"line":186,"column":13}},"46":{"start":{"line":184,"column":16},"end":{"line":184,"column":42}},"47":{"start":{"line":185,"column":16},"end":{"line":185,"column":79}},"48":{"start":{"line":187,"column":12},"end":{"line":190,"column":13}},"49":{"start":{"line":188,"column":16},"end":{"line":188,"column":43}},"50":{"start":{"line":189,"column":16},"end":{"line":189,"column":81}},"51":{"start":{"line":191,"column":12},"end":{"line":191,"column":24}},"52":{"start":{"line":196,"column":17},"end":{"line":196,"column":45}},"53":{"start":{"line":197,"column":4},"end":{"line":204,"column":11}},"54":{"start":{"line":199,"column":12},"end":{"line":203,"column":13}},"55":{"start":{"line":200,"column":16},"end":{"line":200,"column":28}},"56":{"start":{"line":202,"column":16},"end":{"line":202,"column":29}},"57":{"start":{"line":206,"column":0},"end":{"line":384,"column":1}},"58":{"start":{"line":209,"column":8},"end":{"line":220,"column":10}},"59":{"start":{"line":218,"column":12},"end":{"line":218,"column":54}},"60":{"start":{"line":219,"column":12},"end":{"line":219,"column":24}},"61":{"start":{"line":227,"column":8},"end":{"line":234,"column":15}},"62":{"start":{"line":229,"column":16},"end":{"line":233,"column":17}},"63":{"start":{"line":230,"column":20},"end":{"line":230,"column":32}},"64":{"start":{"line":232,"column":20},"end":{"line":232,"column":33}},"65":{"start":{"line":237,"column":8},"end":{"line":244,"column":15}},"66":{"start":{"line":239,"column":16},"end":{"line":243,"column":17}},"67":{"start":{"line":240,"column":20},"end":{"line":240,"column":32}},"68":{"start":{"line":242,"column":20},"end":{"line":242,"column":33}},"69":{"start":{"line":247,"column":8},"end":{"line":258,"column":9}},"70":{"start":{"line":248,"column":12},"end":{"line":251,"column":88}},"71":{"start":{"line":249,"column":16},"end":{"line":249,"column":87}},"72":{"start":{"line":249,"column":71},"end":{"line":249,"column":84}},"73":{"start":{"line":251,"column":17},"end":{"line":251,"column":88}},"74":{"start":{"line":254,"column":12},"end":{"line":257,"column":108}},"75":{"start":{"line":255,"column":16},"end":{"line":255,"column":116}},"76":{"start":{"line":255,"column":100},"end":{"line":255,"column":113}},"77":{"start":{"line":257,"column":17},"end":{"line":257,"column":108}},"78":{"start":{"line":261,"column":8},"end":{"line":272,"column":10}},"79":{"start":{"line":267,"column":12},"end":{"line":267,"column":48}},"80":{"start":{"line":268,"column":12},"end":{"line":268,"column":24}},"81":{"start":{"line":270,"column":12},"end":{"line":270,"column":54}},"82":{"start":{"line":271,"column":12},"end":{"line":271,"column":25}},"83":{"start":{"line":285,"column":8},"end":{"line":295,"column":10}},"84":{"start":{"line":293,"column":12},"end":{"line":293,"column":54}},"85":{"start":{"line":294,"column":12},"end":{"line":294,"column":24}},"86":{"start":{"line":299,"column":8},"end":{"line":301,"column":10}},"87":{"start":{"line":300,"column":12},"end":{"line":300,"column":25}},"88":{"start":{"line":306,"column":8},"end":{"line":314,"column":10}},"89":{"start":{"line":307,"column":12},"end":{"line":311,"column":13}},"90":{"start":{"line":308,"column":16},"end":{"line":308,"column":25}},"91":{"start":{"line":310,"column":16},"end":{"line":310,"column":28}},"92":{"start":{"line":318,"column":8},"end":{"line":347,"column":10}},"93":{"start":{"line":319,"column":12},"end":{"line":346,"column":13}},"94":{"start":{"line":320,"column":16},"end":{"line":323,"column":17}},"95":{"start":{"line":321,"column":20},"end":{"line":321,"column":46}},"96":{"start":{"line":322,"column":20},"end":{"line":322,"column":68}},"97":{"start":{"line":324,"column":16},"end":{"line":330,"column":17}},"98":{"start":{"line":325,"column":20},"end":{"line":325,"column":48}},"99":{"start":{"line":326,"column":20},"end":{"line":329,"column":22}},"100":{"start":{"line":327,"column":24},"end":{"line":327,"column":41}},"101":{"start":{"line":328,"column":24},"end":{"line":328,"column":48}},"102":{"start":{"line":331,"column":16},"end":{"line":337,"column":17}},"103":{"start":{"line":332,"column":20},"end":{"line":332,"column":42}},"104":{"start":{"line":333,"column":20},"end":{"line":336,"column":22}},"105":{"start":{"line":334,"column":24},"end":{"line":334,"column":42}},"106":{"start":{"line":335,"column":24},"end":{"line":335,"column":42}},"107":{"start":{"line":338,"column":16},"end":{"line":344,"column":17}},"108":{"start":{"line":339,"column":20},"end":{"line":339,"column":42}},"109":{"start":{"line":340,"column":20},"end":{"line":343,"column":22}},"110":{"start":{"line":341,"column":24},"end":{"line":341,"column":43}},"111":{"start":{"line":342,"column":24},"end":{"line":342,"column":42}},"112":{"start":{"line":345,"column":16},"end":{"line":345,"column":27}},"113":{"start":{"line":350,"column":8},"end":{"line":355,"column":10}},"114":{"start":{"line":351,"column":12},"end":{"line":351,"column":24}},"115":{"start":{"line":353,"column":12},"end":{"line":353,"column":39}},"116":{"start":{"line":354,"column":12},"end":{"line":354,"column":24}},"117":{"start":{"line":360,"column":8},"end":{"line":365,"column":10}},"118":{"start":{"line":361,"column":12},"end":{"line":361,"column":24}},"119":{"start":{"line":363,"column":12},"end":{"line":363,"column":39}},"120":{"start":{"line":364,"column":12},"end":{"line":364,"column":24}},"121":{"start":{"line":370,"column":8},"end":{"line":375,"column":10}},"122":{"start":{"line":371,"column":12},"end":{"line":371,"column":24}},"123":{"start":{"line":373,"column":12},"end":{"line":373,"column":39}},"124":{"start":{"line":374,"column":12},"end":{"line":374,"column":24}},"125":{"start":{"line":382,"column":8},"end":{"line":382,"column":112}}},"fnMap":{"0":{"name":"getMoney","decl":{"start":{"line":109,"column":15},"end":{"line":109,"column":23}},"loc":{"start":{"line":109,"column":28},"end":{"line":120,"column":1}},"line":109},"1":{"name":"(anonymous_1)","decl":{"start":{"line":110,"column":71},"end":{"line":110,"column":72}},"loc":{"start":{"line":110,"column":78},"end":{"line":116,"column":5}},"line":110},"2":{"name":"(anonymous_2)","decl":{"start":{"line":116,"column":13},"end":{"line":116,"column":14}},"loc":{"start":{"line":116,"column":20},"end":{"line":119,"column":5}},"line":116},"3":{"name":"getCategorie","decl":{"start":{"line":122,"column":15},"end":{"line":122,"column":27}},"loc":{"start":{"line":122,"column":32},"end":{"line":130,"column":1}},"line":122},"4":{"name":"(anonymous_4)","decl":{"start":{"line":123,"column":79},"end":{"line":123,"column":80}},"loc":{"start":{"line":123,"column":86},"end":{"line":129,"column":5}},"line":123},"5":{"name":"getDescription","decl":{"start":{"line":133,"column":15},"end":{"line":133,"column":29}},"loc":{"start":{"line":133,"column":34},"end":{"line":141,"column":1}},"line":133},"6":{"name":"(anonymous_6)","decl":{"start":{"line":134,"column":81},"end":{"line":134,"column":82}},"loc":{"start":{"line":134,"column":88},"end":{"line":140,"column":5}},"line":134},"7":{"name":"getImage","decl":{"start":{"line":142,"column":15},"end":{"line":142,"column":23}},"loc":{"start":{"line":142,"column":28},"end":{"line":150,"column":1}},"line":142},"8":{"name":"(anonymous_8)","decl":{"start":{"line":143,"column":75},"end":{"line":143,"column":76}},"loc":{"start":{"line":143,"column":82},"end":{"line":149,"column":5}},"line":143},"9":{"name":"getID","decl":{"start":{"line":152,"column":15},"end":{"line":152,"column":20}},"loc":{"start":{"line":152,"column":31},"end":{"line":163,"column":1}},"line":152},"10":{"name":"(anonymous_10)","decl":{"start":{"line":153,"column":80},"end":{"line":153,"column":81}},"loc":{"start":{"line":153,"column":87},"end":{"line":159,"column":5}},"line":153},"11":{"name":"(anonymous_11)","decl":{"start":{"line":159,"column":13},"end":{"line":159,"column":14}},"loc":{"start":{"line":159,"column":20},"end":{"line":162,"column":5}},"line":159},"12":{"name":"updateMoney","decl":{"start":{"line":164,"column":15},"end":{"line":164,"column":26}},"loc":{"start":{"line":164,"column":40},"end":{"line":173,"column":1}},"line":164},"13":{"name":"(anonymous_13)","decl":{"start":{"line":167,"column":67},"end":{"line":167,"column":68}},"loc":{"start":{"line":167,"column":76},"end":{"line":169,"column":5}},"line":167},"14":{"name":"(anonymous_14)","decl":{"start":{"line":169,"column":13},"end":{"line":169,"column":14}},"loc":{"start":{"line":169,"column":20},"end":{"line":172,"column":5}},"line":169},"15":{"name":"updateProfils","decl":{"start":{"line":174,"column":15},"end":{"line":174,"column":28}},"loc":{"start":{"line":174,"column":76},"end":{"line":194,"column":1}},"line":174},"16":{"name":"(anonymous_16)","decl":{"start":{"line":175,"column":58},"end":{"line":175,"column":59}},"loc":{"start":{"line":175,"column":67},"end":{"line":193,"column":5}},"line":175},"17":{"name":"checkKey","decl":{"start":{"line":195,"column":15},"end":{"line":195,"column":23}},"loc":{"start":{"line":195,"column":32},"end":{"line":205,"column":1}},"line":195},"18":{"name":"(anonymous_18)","decl":{"start":{"line":198,"column":14},"end":{"line":198,"column":15}},"loc":{"start":{"line":198,"column":19},"end":{"line":204,"column":9}},"line":198},"19":{"name":"ToHistoric","decl":{"start":{"line":208,"column":25},"end":{"line":208,"column":35}},"loc":{"start":{"line":208,"column":102},"end":{"line":222,"column":5}},"line":208},"20":{"name":"(anonymous_20)","decl":{"start":{"line":217,"column":16},"end":{"line":217,"column":17}},"loc":{"start":{"line":217,"column":28},"end":{"line":220,"column":9}},"line":217},"21":{"name":"getProduct2","decl":{"start":{"line":226,"column":32},"end":{"line":226,"column":43}},"loc":{"start":{"line":226,"column":48},"end":{"line":235,"column":5}},"line":226},"22":{"name":"(anonymous_22)","decl":{"start":{"line":228,"column":18},"end":{"line":228,"column":19}},"loc":{"start":{"line":228,"column":26},"end":{"line":234,"column":13}},"line":228},"23":{"name":"getUser","decl":{"start":{"line":236,"column":22},"end":{"line":236,"column":29}},"loc":{"start":{"line":236,"column":40},"end":{"line":245,"column":5}},"line":236},"24":{"name":"(anonymous_24)","decl":{"start":{"line":238,"column":18},"end":{"line":238,"column":19}},"loc":{"start":{"line":238,"column":26},"end":{"line":244,"column":13}},"line":238},"25":{"name":"getProduct","decl":{"start":{"line":246,"column":31},"end":{"line":246,"column":41}},"loc":{"start":{"line":246,"column":81},"end":{"line":259,"column":5}},"line":246},"26":{"name":"(anonymous_26)","decl":{"start":{"line":249,"column":53},"end":{"line":249,"column":54}},"loc":{"start":{"line":249,"column":69},"end":{"line":249,"column":86}},"line":249},"27":{"name":"(anonymous_27)","decl":{"start":{"line":255,"column":82},"end":{"line":255,"column":83}},"loc":{"start":{"line":255,"column":98},"end":{"line":255,"column":115}},"line":255},"28":{"name":"addUser","decl":{"start":{"line":260,"column":22},"end":{"line":260,"column":29}},"loc":{"start":{"line":260,"column":66},"end":{"line":274,"column":5}},"line":260},"29":{"name":"(anonymous_29)","decl":{"start":{"line":266,"column":16},"end":{"line":266,"column":17}},"loc":{"start":{"line":266,"column":24},"end":{"line":269,"column":9}},"line":266},"30":{"name":"(anonymous_30)","decl":{"start":{"line":269,"column":17},"end":{"line":269,"column":18}},"loc":{"start":{"line":269,"column":24},"end":{"line":272,"column":9}},"line":269},"31":{"name":"add_object","decl":{"start":{"line":284,"column":25},"end":{"line":284,"column":35}},"loc":{"start":{"line":284,"column":86},"end":{"line":297,"column":5}},"line":284},"32":{"name":"(anonymous_32)","decl":{"start":{"line":292,"column":16},"end":{"line":292,"column":17}},"loc":{"start":{"line":292,"column":28},"end":{"line":295,"column":9}},"line":292},"33":{"name":"getdisplay_order","decl":{"start":{"line":298,"column":37},"end":{"line":298,"column":53}},"loc":{"start":{"line":298,"column":70},"end":{"line":303,"column":5}},"line":298},"34":{"name":"(anonymous_34)","decl":{"start":{"line":299,"column":45},"end":{"line":299,"column":46}},"loc":{"start":{"line":299,"column":63},"end":{"line":301,"column":9}},"line":299},"35":{"name":"viewsdetailsproduct","decl":{"start":{"line":304,"column":40},"end":{"line":304,"column":59}},"loc":{"start":{"line":304,"column":63},"end":{"line":315,"column":5}},"line":304},"36":{"name":"(anonymous_36)","decl":{"start":{"line":306,"column":48},"end":{"line":306,"column":49}},"loc":{"start":{"line":306,"column":52},"end":{"line":314,"column":9}},"line":306},"37":{"name":"updateorder","decl":{"start":{"line":317,"column":33},"end":{"line":317,"column":44}},"loc":{"start":{"line":317,"column":93},"end":{"line":348,"column":5}},"line":317},"38":{"name":"(anonymous_38)","decl":{"start":{"line":318,"column":56},"end":{"line":318,"column":57}},"loc":{"start":{"line":318,"column":63},"end":{"line":347,"column":9}},"line":318},"39":{"name":"(anonymous_39)","decl":{"start":{"line":326,"column":88},"end":{"line":326,"column":89}},"loc":{"start":{"line":326,"column":101},"end":{"line":329,"column":21}},"line":326},"40":{"name":"(anonymous_40)","decl":{"start":{"line":333,"column":76},"end":{"line":333,"column":77}},"loc":{"start":{"line":333,"column":83},"end":{"line":336,"column":21}},"line":333},"41":{"name":"(anonymous_41)","decl":{"start":{"line":340,"column":76},"end":{"line":340,"column":77}},"loc":{"start":{"line":340,"column":83},"end":{"line":343,"column":21}},"line":340},"42":{"name":"deleteproduct","decl":{"start":{"line":349,"column":35},"end":{"line":349,"column":48}},"loc":{"start":{"line":349,"column":52},"end":{"line":357,"column":5}},"line":349},"43":{"name":"(anonymous_43)","decl":{"start":{"line":350,"column":61},"end":{"line":350,"column":62}},"loc":{"start":{"line":351,"column":12},"end":{"line":351,"column":24}},"line":351},"44":{"name":"(anonymous_44)","decl":{"start":{"line":352,"column":16},"end":{"line":352,"column":17}},"loc":{"start":{"line":352,"column":21},"end":{"line":355,"column":9}},"line":352},"45":{"name":"deleteuser","decl":{"start":{"line":359,"column":32},"end":{"line":359,"column":42}},"loc":{"start":{"line":359,"column":46},"end":{"line":367,"column":5}},"line":359},"46":{"name":"(anonymous_46)","decl":{"start":{"line":360,"column":56},"end":{"line":360,"column":57}},"loc":{"start":{"line":361,"column":12},"end":{"line":361,"column":24}},"line":361},"47":{"name":"(anonymous_47)","decl":{"start":{"line":362,"column":16},"end":{"line":362,"column":17}},"loc":{"start":{"line":362,"column":21},"end":{"line":365,"column":9}},"line":362},"48":{"name":"deleteHistoric","decl":{"start":{"line":369,"column":36},"end":{"line":369,"column":50}},"loc":{"start":{"line":369,"column":54},"end":{"line":377,"column":5}},"line":369},"49":{"name":"(anonymous_49)","decl":{"start":{"line":370,"column":74},"end":{"line":370,"column":75}},"loc":{"start":{"line":371,"column":12},"end":{"line":371,"column":24}},"line":371},"50":{"name":"(anonymous_50)","decl":{"start":{"line":372,"column":16},"end":{"line":372,"column":17}},"loc":{"start":{"line":372,"column":21},"end":{"line":375,"column":9}},"line":372},"51":{"name":"getHistoric","decl":{"start":{"line":381,"column":32},"end":{"line":381,"column":43}},"loc":{"start":{"line":381,"column":55},"end":{"line":383,"column":5}},"line":381}},"branchMap":{"0":{"loc":{"start":{"line":111,"column":8},"end":{"line":115,"column":9}},"type":"if","locations":[{"start":{"line":111,"column":8},"end":{"line":115,"column":9}},{"start":{"line":113,"column":15},"end":{"line":115,"column":9}}],"line":111},"1":{"loc":{"start":{"line":124,"column":8},"end":{"line":128,"column":9}},"type":"if","locations":[{"start":{"line":124,"column":8},"end":{"line":128,"column":9}},{"start":{"line":126,"column":15},"end":{"line":128,"column":9}}],"line":124},"2":{"loc":{"start":{"line":135,"column":8},"end":{"line":139,"column":9}},"type":"if","locations":[{"start":{"line":135,"column":8},"end":{"line":139,"column":9}},{"start":{"line":137,"column":15},"end":{"line":139,"column":9}}],"line":135},"3":{"loc":{"start":{"line":144,"column":8},"end":{"line":148,"column":9}},"type":"if","locations":[{"start":{"line":144,"column":8},"end":{"line":148,"column":9}},{"start":{"line":146,"column":15},"end":{"line":148,"column":9}}],"line":144},"4":{"loc":{"start":{"line":154,"column":8},"end":{"line":158,"column":9}},"type":"if","locations":[{"start":{"line":154,"column":8},"end":{"line":158,"column":9}},{"start":{"line":156,"column":15},"end":{"line":158,"column":9}}],"line":154},"5":{"loc":{"start":{"line":176,"column":8},"end":{"line":192,"column":9}},"type":"if","locations":[{"start":{"line":176,"column":8},"end":{"line":192,"column":9}},{"start":{},"end":{}}],"line":176},"6":{"loc":{"start":{"line":177,"column":12},"end":{"line":182,"column":13}},"type":"if","locations":[{"start":{"line":177,"column":12},"end":{"line":182,"column":13}},{"start":{},"end":{}}],"line":177},"7":{"loc":{"start":{"line":183,"column":12},"end":{"line":186,"column":13}},"type":"if","locations":[{"start":{"line":183,"column":12},"end":{"line":186,"column":13}},{"start":{},"end":{}}],"line":183},"8":{"loc":{"start":{"line":187,"column":12},"end":{"line":190,"column":13}},"type":"if","locations":[{"start":{"line":187,"column":12},"end":{"line":190,"column":13}},{"start":{},"end":{}}],"line":187},"9":{"loc":{"start":{"line":199,"column":12},"end":{"line":203,"column":13}},"type":"if","locations":[{"start":{"line":199,"column":12},"end":{"line":203,"column":13}},{"start":{"line":201,"column":19},"end":{"line":203,"column":13}}],"line":199},"10":{"loc":{"start":{"line":229,"column":16},"end":{"line":233,"column":17}},"type":"if","locations":[{"start":{"line":229,"column":16},"end":{"line":233,"column":17}},{"start":{"line":231,"column":23},"end":{"line":233,"column":17}}],"line":229},"11":{"loc":{"start":{"line":239,"column":16},"end":{"line":243,"column":17}},"type":"if","locations":[{"start":{"line":239,"column":16},"end":{"line":243,"column":17}},{"start":{"line":241,"column":23},"end":{"line":243,"column":17}}],"line":239},"12":{"loc":{"start":{"line":246,"column":42},"end":{"line":246,"column":58}},"type":"default-arg","locations":[{"start":{"line":246,"column":49},"end":{"line":246,"column":58}}],"line":246},"13":{"loc":{"start":{"line":246,"column":59},"end":{"line":246,"column":80}},"type":"default-arg","locations":[{"start":{"line":246,"column":71},"end":{"line":246,"column":80}}],"line":246},"14":{"loc":{"start":{"line":247,"column":8},"end":{"line":258,"column":9}},"type":"if","locations":[{"start":{"line":247,"column":8},"end":{"line":258,"column":9}},{"start":{"line":253,"column":13},"end":{"line":258,"column":9}}],"line":247},"15":{"loc":{"start":{"line":247,"column":12},"end":{"line":247,"column":55}},"type":"binary-expr","locations":[{"start":{"line":247,"column":12},"end":{"line":247,"column":35}},{"start":{"line":247,"column":39},"end":{"line":247,"column":55}}],"line":247},"16":{"loc":{"start":{"line":248,"column":12},"end":{"line":251,"column":88}},"type":"if","locations":[{"start":{"line":248,"column":12},"end":{"line":251,"column":88}},{"start":{"line":251,"column":17},"end":{"line":251,"column":88}}],"line":248},"17":{"loc":{"start":{"line":248,"column":16},"end":{"line":248,"column":49}},"type":"binary-expr","locations":[{"start":{"line":248,"column":16},"end":{"line":248,"column":34}},{"start":{"line":248,"column":38},"end":{"line":248,"column":49}}],"line":248},"18":{"loc":{"start":{"line":254,"column":12},"end":{"line":257,"column":108}},"type":"if","locations":[{"start":{"line":254,"column":12},"end":{"line":257,"column":108}},{"start":{"line":257,"column":17},"end":{"line":257,"column":108}}],"line":254},"19":{"loc":{"start":{"line":254,"column":16},"end":{"line":254,"column":49}},"type":"binary-expr","locations":[{"start":{"line":254,"column":16},"end":{"line":254,"column":34}},{"start":{"line":254,"column":38},"end":{"line":254,"column":49}}],"line":254},"20":{"loc":{"start":{"line":298,"column":54},"end":{"line":298,"column":68}},"type":"default-arg","locations":[{"start":{"line":298,"column":59},"end":{"line":298,"column":68}}],"line":298},"21":{"loc":{"start":{"line":307,"column":12},"end":{"line":311,"column":13}},"type":"if","locations":[{"start":{"line":307,"column":12},"end":{"line":311,"column":13}},{"start":{"line":309,"column":17},"end":{"line":311,"column":13}}],"line":307},"22":{"loc":{"start":{"line":319,"column":12},"end":{"line":346,"column":13}},"type":"if","locations":[{"start":{"line":319,"column":12},"end":{"line":346,"column":13}},{"start":{},"end":{}}],"line":319},"23":{"loc":{"start":{"line":320,"column":16},"end":{"line":323,"column":17}},"type":"if","locations":[{"start":{"line":320,"column":16},"end":{"line":323,"column":17}},{"start":{},"end":{}}],"line":320},"24":{"loc":{"start":{"line":324,"column":16},"end":{"line":330,"column":17}},"type":"if","locations":[{"start":{"line":324,"column":16},"end":{"line":330,"column":17}},{"start":{},"end":{}}],"line":324},"25":{"loc":{"start":{"line":331,"column":16},"end":{"line":337,"column":17}},"type":"if","locations":[{"start":{"line":331,"column":16},"end":{"line":337,"column":17}},{"start":{},"end":{}}],"line":331},"26":{"loc":{"start":{"line":338,"column":16},"end":{"line":344,"column":17}},"type":"if","locations":[{"start":{"line":338,"column":16},"end":{"line":344,"column":17}},{"start":{},"end":{}}],"line":338}},"s":{"0":1,"1":1,"2":1,"3":1,"4":1,"5":1,"6":1,"7":1,"8":9,"9":7,"10":5,"11":2,"12":2,"13":2,"14":5,"15":5,"16":3,"17":2,"18":2,"19":2,"20":1,"21":1,"22":2,"23":2,"24":1,"25":1,"26":3,"27":2,"28":1,"29":1,"30":1,"31":1,"32":4,"33":4,"34":4,"35":2,"36":2,"37":2,"38":3,"39":3,"40":2,"41":1,"42":1,"43":1,"44":1,"45":2,"46":1,"47":1,"48":2,"49":1,"50":1,"51":2,"52":2,"53":2,"54":2,"55":1,"56":1,"57":1,"58":1,"59":1,"60":1,"61":12,"62":12,"63":11,"64":1,"65":10,"66":10,"67":6,"68":4,"69":4,"70":2,"71":1,"72":1,"73":1,"74":2,"75":1,"76":1,"77":1,"78":7,"79":6,"80":6,"81":1,"82":1,"83":10,"84":10,"85":10,"86":1,"87":1,"88":2,"89":2,"90":1,"91":1,"92":3,"93":3,"94":2,"95":1,"96":1,"97":2,"98":1,"99":1,"100":1,"101":1,"102":2,"103":1,"104":1,"105":1,"106":1,"107":2,"108":1,"109":1,"110":1,"111":1,"112":2,"113":11,"114":11,"115":1,"116":1,"117":7,"118":7,"119":1,"120":1,"121":2,"122":2,"123":2,"124":2,"125":1},"f":{"0":9,"1":7,"2":2,"3":5,"4":5,"5":2,"6":2,"7":2,"8":2,"9":3,"10":2,"11":1,"12":4,"13":2,"14":2,"15":3,"16":3,"17":2,"18":2,"19":1,"20":1,"21":12,"22":12,"23":10,"24":10,"25":4,"26":1,"27":1,"28":7,"29":6,"30":1,"31":10,"32":10,"33":1,"34":1,"35":2,"36":2,"37":3,"38":3,"39":1,"40":1,"41":1,"42":11,"43":11,"44":1,"45":7,"46":7,"47":1,"48":2,"49":2,"50":2,"51":1},"b":{"0":[5,2],"1":[3,2],"2":[1,1],"3":[1,1],"4":[1,1],"5":[2,1],"6":[1,1],"7":[1,1],"8":[1,1],"9":[1,1],"10":[11,1],"11":[6,4],"12":[1],"13":[1],"14":[2,2],"15":[4,3],"16":[1,1],"17":[2,1],"18":[1,1],"19":[2,2],"20":[1],"21":[1,1],"22":[2,1],"23":[1,1],"24":[1,1],"25":[1,1],"26":[1,1]},"_coverageSchema":"1a1c01bbd47fc00a2c39e90264f33305004495a9","hash":"3aa99b568ad837c79c32c5a20415ab3b5207dbd3"}
}
