{"C:\\Users\\khoury\\Documents\\GitHub\\Projet_APPSINF_LINFO1212_GROUPE_PF01\\db.js": {"path":"C:\\Users\\khoury\\Documents\\GitHub\\Projet_APPSINF_LINFO1212_GROUPE_PF01\\db.js","statementMap":{"0":{"start":{"line":1,"column":66},"end":{"line":1,"column":86}},"1":{"start":{"line":2,"column":15},"end":{"line":2,"column":32}},"2":{"start":{"line":3,"column":15},"end":{"line":3,"column":32}},"3":{"start":{"line":4,"column":11},"end":{"line":4,"column":23}},"4":{"start":{"line":5,"column":18},"end":{"line":8,"column":2}},"5":{"start":{"line":13,"column":0},"end":{"line":39,"column":32}},"6":{"start":{"line":40,"column":0},"end":{"line":71,"column":37}},"7":{"start":{"line":72,"column":0},"end":{"line":107,"column":41}},"8":{"start":{"line":110,"column":4},"end":{"line":119,"column":6}},"9":{"start":{"line":111,"column":8},"end":{"line":115,"column":9}},"10":{"start":{"line":112,"column":12},"end":{"line":112,"column":39}},"11":{"start":{"line":114,"column":12},"end":{"line":114,"column":24}},"12":{"start":{"line":117,"column":8},"end":{"line":117,"column":69}},"13":{"start":{"line":118,"column":8},"end":{"line":118,"column":20}},"14":{"start":{"line":123,"column":4},"end":{"line":132,"column":6}},"15":{"start":{"line":124,"column":8},"end":{"line":128,"column":9}},"16":{"start":{"line":125,"column":12},"end":{"line":125,"column":43}},"17":{"start":{"line":127,"column":12},"end":{"line":127,"column":24}},"18":{"start":{"line":130,"column":8},"end":{"line":130,"column":69}},"19":{"start":{"line":131,"column":8},"end":{"line":131,"column":20}},"20":{"start":{"line":137,"column":4},"end":{"line":146,"column":6}},"21":{"start":{"line":138,"column":8},"end":{"line":142,"column":9}},"22":{"start":{"line":139,"column":12},"end":{"line":139,"column":45}},"23":{"start":{"line":141,"column":12},"end":{"line":141,"column":24}},"24":{"start":{"line":144,"column":8},"end":{"line":144,"column":69}},"25":{"start":{"line":145,"column":8},"end":{"line":145,"column":20}},"26":{"start":{"line":149,"column":4},"end":{"line":158,"column":6}},"27":{"start":{"line":150,"column":8},"end":{"line":154,"column":9}},"28":{"start":{"line":151,"column":12},"end":{"line":151,"column":39}},"29":{"start":{"line":153,"column":12},"end":{"line":153,"column":24}},"30":{"start":{"line":156,"column":8},"end":{"line":156,"column":24}},"31":{"start":{"line":157,"column":8},"end":{"line":157,"column":20}},"32":{"start":{"line":162,"column":4},"end":{"line":171,"column":6}},"33":{"start":{"line":163,"column":8},"end":{"line":167,"column":9}},"34":{"start":{"line":164,"column":12},"end":{"line":164,"column":36}},"35":{"start":{"line":166,"column":12},"end":{"line":166,"column":24}},"36":{"start":{"line":169,"column":8},"end":{"line":169,"column":75}},"37":{"start":{"line":170,"column":8},"end":{"line":170,"column":20}},"38":{"start":{"line":174,"column":4},"end":{"line":174,"column":31}},"39":{"start":{"line":175,"column":4},"end":{"line":175,"column":32}},"40":{"start":{"line":176,"column":4},"end":{"line":181,"column":6}},"41":{"start":{"line":177,"column":8},"end":{"line":177,"column":27}},"42":{"start":{"line":179,"column":8},"end":{"line":179,"column":50}},"43":{"start":{"line":180,"column":8},"end":{"line":180,"column":20}},"44":{"start":{"line":184,"column":4},"end":{"line":202,"column":6}},"45":{"start":{"line":185,"column":8},"end":{"line":201,"column":9}},"46":{"start":{"line":186,"column":12},"end":{"line":191,"column":13}},"47":{"start":{"line":187,"column":16},"end":{"line":187,"column":43}},"48":{"start":{"line":188,"column":29},"end":{"line":188,"column":51}},"49":{"start":{"line":189,"column":33},"end":{"line":189,"column":67}},"50":{"start":{"line":190,"column":16},"end":{"line":190,"column":78}},"51":{"start":{"line":192,"column":12},"end":{"line":195,"column":13}},"52":{"start":{"line":193,"column":16},"end":{"line":193,"column":42}},"53":{"start":{"line":194,"column":16},"end":{"line":194,"column":79}},"54":{"start":{"line":196,"column":12},"end":{"line":199,"column":13}},"55":{"start":{"line":197,"column":16},"end":{"line":197,"column":43}},"56":{"start":{"line":198,"column":16},"end":{"line":198,"column":81}},"57":{"start":{"line":200,"column":12},"end":{"line":200,"column":24}},"58":{"start":{"line":205,"column":17},"end":{"line":205,"column":45}},"59":{"start":{"line":206,"column":4},"end":{"line":213,"column":11}},"60":{"start":{"line":208,"column":12},"end":{"line":212,"column":13}},"61":{"start":{"line":209,"column":16},"end":{"line":209,"column":28}},"62":{"start":{"line":211,"column":16},"end":{"line":211,"column":29}},"63":{"start":{"line":215,"column":0},"end":{"line":435,"column":1}},"64":{"start":{"line":218,"column":8},"end":{"line":232,"column":10}},"65":{"start":{"line":227,"column":12},"end":{"line":227,"column":54}},"66":{"start":{"line":228,"column":12},"end":{"line":228,"column":24}},"67":{"start":{"line":230,"column":12},"end":{"line":230,"column":57}},"68":{"start":{"line":231,"column":12},"end":{"line":231,"column":25}},"69":{"start":{"line":239,"column":8},"end":{"line":246,"column":15}},"70":{"start":{"line":241,"column":16},"end":{"line":245,"column":17}},"71":{"start":{"line":242,"column":20},"end":{"line":242,"column":32}},"72":{"start":{"line":244,"column":20},"end":{"line":244,"column":33}},"73":{"start":{"line":249,"column":8},"end":{"line":256,"column":15}},"74":{"start":{"line":251,"column":16},"end":{"line":255,"column":17}},"75":{"start":{"line":252,"column":20},"end":{"line":252,"column":32}},"76":{"start":{"line":254,"column":20},"end":{"line":254,"column":33}},"77":{"start":{"line":259,"column":8},"end":{"line":270,"column":9}},"78":{"start":{"line":260,"column":12},"end":{"line":263,"column":88}},"79":{"start":{"line":261,"column":16},"end":{"line":261,"column":87}},"80":{"start":{"line":261,"column":71},"end":{"line":261,"column":84}},"81":{"start":{"line":263,"column":17},"end":{"line":263,"column":88}},"82":{"start":{"line":266,"column":12},"end":{"line":269,"column":108}},"83":{"start":{"line":267,"column":16},"end":{"line":267,"column":116}},"84":{"start":{"line":267,"column":100},"end":{"line":267,"column":113}},"85":{"start":{"line":269,"column":17},"end":{"line":269,"column":108}},"86":{"start":{"line":273,"column":8},"end":{"line":284,"column":10}},"87":{"start":{"line":279,"column":12},"end":{"line":279,"column":48}},"88":{"start":{"line":280,"column":12},"end":{"line":280,"column":24}},"89":{"start":{"line":282,"column":12},"end":{"line":282,"column":54}},"90":{"start":{"line":283,"column":12},"end":{"line":283,"column":25}},"91":{"start":{"line":297,"column":8},"end":{"line":310,"column":10}},"92":{"start":{"line":305,"column":12},"end":{"line":305,"column":54}},"93":{"start":{"line":306,"column":12},"end":{"line":306,"column":24}},"94":{"start":{"line":308,"column":12},"end":{"line":308,"column":57}},"95":{"start":{"line":309,"column":12},"end":{"line":309,"column":25}},"96":{"start":{"line":314,"column":8},"end":{"line":316,"column":10}},"97":{"start":{"line":315,"column":12},"end":{"line":315,"column":25}},"98":{"start":{"line":321,"column":8},"end":{"line":329,"column":10}},"99":{"start":{"line":322,"column":12},"end":{"line":326,"column":13}},"100":{"start":{"line":323,"column":16},"end":{"line":323,"column":25}},"101":{"start":{"line":325,"column":16},"end":{"line":325,"column":28}},"102":{"start":{"line":333,"column":8},"end":{"line":365,"column":10}},"103":{"start":{"line":334,"column":12},"end":{"line":364,"column":13}},"104":{"start":{"line":335,"column":16},"end":{"line":338,"column":17}},"105":{"start":{"line":336,"column":20},"end":{"line":336,"column":46}},"106":{"start":{"line":337,"column":20},"end":{"line":337,"column":68}},"107":{"start":{"line":339,"column":16},"end":{"line":346,"column":17}},"108":{"start":{"line":340,"column":20},"end":{"line":340,"column":48}},"109":{"start":{"line":341,"column":20},"end":{"line":344,"column":61}},"110":{"start":{"line":342,"column":24},"end":{"line":342,"column":41}},"111":{"start":{"line":343,"column":24},"end":{"line":343,"column":48}},"112":{"start":{"line":344,"column":34},"end":{"line":344,"column":60}},"113":{"start":{"line":345,"column":20},"end":{"line":345,"column":55}},"114":{"start":{"line":347,"column":16},"end":{"line":354,"column":17}},"115":{"start":{"line":348,"column":20},"end":{"line":348,"column":42}},"116":{"start":{"line":349,"column":20},"end":{"line":352,"column":61}},"117":{"start":{"line":350,"column":24},"end":{"line":350,"column":42}},"118":{"start":{"line":351,"column":24},"end":{"line":351,"column":42}},"119":{"start":{"line":352,"column":34},"end":{"line":352,"column":60}},"120":{"start":{"line":353,"column":20},"end":{"line":353,"column":49}},"121":{"start":{"line":355,"column":16},"end":{"line":362,"column":17}},"122":{"start":{"line":356,"column":20},"end":{"line":356,"column":42}},"123":{"start":{"line":357,"column":20},"end":{"line":360,"column":59}},"124":{"start":{"line":358,"column":24},"end":{"line":358,"column":43}},"125":{"start":{"line":359,"column":24},"end":{"line":359,"column":42}},"126":{"start":{"line":360,"column":34},"end":{"line":360,"column":58}},"127":{"start":{"line":361,"column":20},"end":{"line":361,"column":49}},"128":{"start":{"line":363,"column":16},"end":{"line":363,"column":27}},"129":{"start":{"line":368,"column":8},"end":{"line":373,"column":10}},"130":{"start":{"line":369,"column":12},"end":{"line":369,"column":24}},"131":{"start":{"line":371,"column":12},"end":{"line":371,"column":39}},"132":{"start":{"line":372,"column":12},"end":{"line":372,"column":24}},"133":{"start":{"line":378,"column":8},"end":{"line":383,"column":10}},"134":{"start":{"line":379,"column":12},"end":{"line":379,"column":24}},"135":{"start":{"line":381,"column":12},"end":{"line":381,"column":39}},"136":{"start":{"line":382,"column":12},"end":{"line":382,"column":24}},"137":{"start":{"line":388,"column":8},"end":{"line":393,"column":10}},"138":{"start":{"line":389,"column":12},"end":{"line":389,"column":24}},"139":{"start":{"line":391,"column":12},"end":{"line":391,"column":39}},"140":{"start":{"line":392,"column":12},"end":{"line":392,"column":24}},"141":{"start":{"line":401,"column":8},"end":{"line":404,"column":9}},"142":{"start":{"line":402,"column":12},"end":{"line":402,"column":44}},"143":{"start":{"line":403,"column":12},"end":{"line":403,"column":24}},"144":{"start":{"line":405,"column":8},"end":{"line":428,"column":9}},"145":{"start":{"line":406,"column":12},"end":{"line":406,"column":33}},"146":{"start":{"line":407,"column":12},"end":{"line":407,"column":58}},"147":{"start":{"line":411,"column":12},"end":{"line":423,"column":14}},"148":{"start":{"line":418,"column":20},"end":{"line":418,"column":55}},"149":{"start":{"line":419,"column":16},"end":{"line":419,"column":27}},"150":{"start":{"line":421,"column":16},"end":{"line":421,"column":43}},"151":{"start":{"line":422,"column":16},"end":{"line":422,"column":28}},"152":{"start":{"line":426,"column":12},"end":{"line":426,"column":50}},"153":{"start":{"line":427,"column":12},"end":{"line":427,"column":24}},"154":{"start":{"line":433,"column":8},"end":{"line":433,"column":112}}},"fnMap":{"0":{"name":"getMoney","decl":{"start":{"line":109,"column":15},"end":{"line":109,"column":23}},"loc":{"start":{"line":109,"column":28},"end":{"line":120,"column":1}},"line":109},"1":{"name":"(anonymous_1)","decl":{"start":{"line":110,"column":71},"end":{"line":110,"column":72}},"loc":{"start":{"line":110,"column":78},"end":{"line":116,"column":5}},"line":110},"2":{"name":"(anonymous_2)","decl":{"start":{"line":116,"column":13},"end":{"line":116,"column":14}},"loc":{"start":{"line":116,"column":20},"end":{"line":119,"column":5}},"line":116},"3":{"name":"getCategorie","decl":{"start":{"line":122,"column":15},"end":{"line":122,"column":27}},"loc":{"start":{"line":122,"column":32},"end":{"line":133,"column":1}},"line":122},"4":{"name":"(anonymous_4)","decl":{"start":{"line":123,"column":79},"end":{"line":123,"column":80}},"loc":{"start":{"line":123,"column":86},"end":{"line":129,"column":5}},"line":123},"5":{"name":"(anonymous_5)","decl":{"start":{"line":129,"column":13},"end":{"line":129,"column":14}},"loc":{"start":{"line":129,"column":20},"end":{"line":132,"column":5}},"line":129},"6":{"name":"getDescription","decl":{"start":{"line":136,"column":15},"end":{"line":136,"column":29}},"loc":{"start":{"line":136,"column":34},"end":{"line":147,"column":1}},"line":136},"7":{"name":"(anonymous_7)","decl":{"start":{"line":137,"column":81},"end":{"line":137,"column":82}},"loc":{"start":{"line":137,"column":88},"end":{"line":143,"column":5}},"line":137},"8":{"name":"(anonymous_8)","decl":{"start":{"line":143,"column":13},"end":{"line":143,"column":14}},"loc":{"start":{"line":143,"column":20},"end":{"line":146,"column":5}},"line":143},"9":{"name":"getImage","decl":{"start":{"line":148,"column":15},"end":{"line":148,"column":23}},"loc":{"start":{"line":148,"column":28},"end":{"line":159,"column":1}},"line":148},"10":{"name":"(anonymous_10)","decl":{"start":{"line":149,"column":75},"end":{"line":149,"column":76}},"loc":{"start":{"line":149,"column":82},"end":{"line":155,"column":5}},"line":149},"11":{"name":"(anonymous_11)","decl":{"start":{"line":155,"column":13},"end":{"line":155,"column":14}},"loc":{"start":{"line":155,"column":20},"end":{"line":158,"column":5}},"line":155},"12":{"name":"getID","decl":{"start":{"line":161,"column":15},"end":{"line":161,"column":20}},"loc":{"start":{"line":161,"column":31},"end":{"line":172,"column":1}},"line":161},"13":{"name":"(anonymous_13)","decl":{"start":{"line":162,"column":80},"end":{"line":162,"column":81}},"loc":{"start":{"line":162,"column":87},"end":{"line":168,"column":5}},"line":162},"14":{"name":"(anonymous_14)","decl":{"start":{"line":168,"column":13},"end":{"line":168,"column":14}},"loc":{"start":{"line":168,"column":20},"end":{"line":171,"column":5}},"line":168},"15":{"name":"updateMoney","decl":{"start":{"line":173,"column":15},"end":{"line":173,"column":26}},"loc":{"start":{"line":173,"column":40},"end":{"line":182,"column":1}},"line":173},"16":{"name":"(anonymous_16)","decl":{"start":{"line":176,"column":67},"end":{"line":176,"column":68}},"loc":{"start":{"line":176,"column":76},"end":{"line":178,"column":5}},"line":176},"17":{"name":"(anonymous_17)","decl":{"start":{"line":178,"column":13},"end":{"line":178,"column":14}},"loc":{"start":{"line":178,"column":20},"end":{"line":181,"column":5}},"line":178},"18":{"name":"updateProfils","decl":{"start":{"line":183,"column":15},"end":{"line":183,"column":28}},"loc":{"start":{"line":183,"column":76},"end":{"line":203,"column":1}},"line":183},"19":{"name":"(anonymous_19)","decl":{"start":{"line":184,"column":58},"end":{"line":184,"column":59}},"loc":{"start":{"line":184,"column":67},"end":{"line":202,"column":5}},"line":184},"20":{"name":"checkKey","decl":{"start":{"line":204,"column":15},"end":{"line":204,"column":23}},"loc":{"start":{"line":204,"column":32},"end":{"line":214,"column":1}},"line":204},"21":{"name":"(anonymous_21)","decl":{"start":{"line":207,"column":14},"end":{"line":207,"column":15}},"loc":{"start":{"line":207,"column":19},"end":{"line":213,"column":9}},"line":207},"22":{"name":"ToHistoric","decl":{"start":{"line":217,"column":25},"end":{"line":217,"column":35}},"loc":{"start":{"line":217,"column":102},"end":{"line":234,"column":5}},"line":217},"23":{"name":"(anonymous_23)","decl":{"start":{"line":226,"column":16},"end":{"line":226,"column":17}},"loc":{"start":{"line":226,"column":28},"end":{"line":229,"column":9}},"line":226},"24":{"name":"(anonymous_24)","decl":{"start":{"line":229,"column":17},"end":{"line":229,"column":18}},"loc":{"start":{"line":229,"column":24},"end":{"line":232,"column":9}},"line":229},"25":{"name":"getProduct2","decl":{"start":{"line":238,"column":32},"end":{"line":238,"column":43}},"loc":{"start":{"line":238,"column":48},"end":{"line":247,"column":5}},"line":238},"26":{"name":"(anonymous_26)","decl":{"start":{"line":240,"column":18},"end":{"line":240,"column":19}},"loc":{"start":{"line":240,"column":26},"end":{"line":246,"column":13}},"line":240},"27":{"name":"getUser","decl":{"start":{"line":248,"column":22},"end":{"line":248,"column":29}},"loc":{"start":{"line":248,"column":40},"end":{"line":257,"column":5}},"line":248},"28":{"name":"(anonymous_28)","decl":{"start":{"line":250,"column":18},"end":{"line":250,"column":19}},"loc":{"start":{"line":250,"column":26},"end":{"line":256,"column":13}},"line":250},"29":{"name":"getProduct","decl":{"start":{"line":258,"column":31},"end":{"line":258,"column":41}},"loc":{"start":{"line":258,"column":81},"end":{"line":271,"column":5}},"line":258},"30":{"name":"(anonymous_30)","decl":{"start":{"line":261,"column":53},"end":{"line":261,"column":54}},"loc":{"start":{"line":261,"column":69},"end":{"line":261,"column":86}},"line":261},"31":{"name":"(anonymous_31)","decl":{"start":{"line":267,"column":82},"end":{"line":267,"column":83}},"loc":{"start":{"line":267,"column":98},"end":{"line":267,"column":115}},"line":267},"32":{"name":"addUser","decl":{"start":{"line":272,"column":22},"end":{"line":272,"column":29}},"loc":{"start":{"line":272,"column":66},"end":{"line":286,"column":5}},"line":272},"33":{"name":"(anonymous_33)","decl":{"start":{"line":278,"column":16},"end":{"line":278,"column":17}},"loc":{"start":{"line":278,"column":24},"end":{"line":281,"column":9}},"line":278},"34":{"name":"(anonymous_34)","decl":{"start":{"line":281,"column":17},"end":{"line":281,"column":18}},"loc":{"start":{"line":281,"column":24},"end":{"line":284,"column":9}},"line":281},"35":{"name":"add_object","decl":{"start":{"line":296,"column":25},"end":{"line":296,"column":35}},"loc":{"start":{"line":296,"column":86},"end":{"line":312,"column":5}},"line":296},"36":{"name":"(anonymous_36)","decl":{"start":{"line":304,"column":16},"end":{"line":304,"column":17}},"loc":{"start":{"line":304,"column":28},"end":{"line":307,"column":9}},"line":304},"37":{"name":"(anonymous_37)","decl":{"start":{"line":307,"column":17},"end":{"line":307,"column":18}},"loc":{"start":{"line":307,"column":24},"end":{"line":310,"column":9}},"line":307},"38":{"name":"getdisplay_order","decl":{"start":{"line":313,"column":37},"end":{"line":313,"column":53}},"loc":{"start":{"line":313,"column":70},"end":{"line":318,"column":5}},"line":313},"39":{"name":"(anonymous_39)","decl":{"start":{"line":314,"column":45},"end":{"line":314,"column":46}},"loc":{"start":{"line":314,"column":63},"end":{"line":316,"column":9}},"line":314},"40":{"name":"viewsdetailsproduct","decl":{"start":{"line":319,"column":40},"end":{"line":319,"column":59}},"loc":{"start":{"line":319,"column":63},"end":{"line":330,"column":5}},"line":319},"41":{"name":"(anonymous_41)","decl":{"start":{"line":321,"column":48},"end":{"line":321,"column":49}},"loc":{"start":{"line":321,"column":52},"end":{"line":329,"column":9}},"line":321},"42":{"name":"updateorder","decl":{"start":{"line":332,"column":33},"end":{"line":332,"column":44}},"loc":{"start":{"line":332,"column":93},"end":{"line":366,"column":5}},"line":332},"43":{"name":"(anonymous_43)","decl":{"start":{"line":333,"column":56},"end":{"line":333,"column":57}},"loc":{"start":{"line":333,"column":63},"end":{"line":365,"column":9}},"line":333},"44":{"name":"(anonymous_44)","decl":{"start":{"line":341,"column":88},"end":{"line":341,"column":89}},"loc":{"start":{"line":341,"column":101},"end":{"line":344,"column":21}},"line":341},"45":{"name":"(anonymous_45)","decl":{"start":{"line":344,"column":29},"end":{"line":344,"column":30}},"loc":{"start":{"line":344,"column":34},"end":{"line":344,"column":60}},"line":344},"46":{"name":"(anonymous_46)","decl":{"start":{"line":349,"column":76},"end":{"line":349,"column":77}},"loc":{"start":{"line":349,"column":83},"end":{"line":352,"column":21}},"line":349},"47":{"name":"(anonymous_47)","decl":{"start":{"line":352,"column":29},"end":{"line":352,"column":30}},"loc":{"start":{"line":352,"column":34},"end":{"line":352,"column":60}},"line":352},"48":{"name":"(anonymous_48)","decl":{"start":{"line":357,"column":76},"end":{"line":357,"column":77}},"loc":{"start":{"line":357,"column":83},"end":{"line":360,"column":21}},"line":357},"49":{"name":"(anonymous_49)","decl":{"start":{"line":360,"column":29},"end":{"line":360,"column":30}},"loc":{"start":{"line":360,"column":34},"end":{"line":360,"column":58}},"line":360},"50":{"name":"deleteproduct","decl":{"start":{"line":367,"column":35},"end":{"line":367,"column":48}},"loc":{"start":{"line":367,"column":52},"end":{"line":375,"column":5}},"line":367},"51":{"name":"(anonymous_51)","decl":{"start":{"line":368,"column":61},"end":{"line":368,"column":62}},"loc":{"start":{"line":369,"column":12},"end":{"line":369,"column":24}},"line":369},"52":{"name":"(anonymous_52)","decl":{"start":{"line":370,"column":16},"end":{"line":370,"column":17}},"loc":{"start":{"line":370,"column":21},"end":{"line":373,"column":9}},"line":370},"53":{"name":"deleteuser","decl":{"start":{"line":377,"column":32},"end":{"line":377,"column":42}},"loc":{"start":{"line":377,"column":46},"end":{"line":385,"column":5}},"line":377},"54":{"name":"(anonymous_54)","decl":{"start":{"line":378,"column":56},"end":{"line":378,"column":57}},"loc":{"start":{"line":379,"column":12},"end":{"line":379,"column":24}},"line":379},"55":{"name":"(anonymous_55)","decl":{"start":{"line":380,"column":16},"end":{"line":380,"column":17}},"loc":{"start":{"line":380,"column":21},"end":{"line":383,"column":9}},"line":380},"56":{"name":"deleteHistoric","decl":{"start":{"line":387,"column":36},"end":{"line":387,"column":50}},"loc":{"start":{"line":387,"column":54},"end":{"line":395,"column":5}},"line":387},"57":{"name":"(anonymous_57)","decl":{"start":{"line":388,"column":74},"end":{"line":388,"column":75}},"loc":{"start":{"line":389,"column":12},"end":{"line":389,"column":24}},"line":389},"58":{"name":"(anonymous_58)","decl":{"start":{"line":390,"column":16},"end":{"line":390,"column":17}},"loc":{"start":{"line":390,"column":21},"end":{"line":393,"column":9}},"line":390},"59":{"name":"checkpoint","decl":{"start":{"line":397,"column":31},"end":{"line":397,"column":41}},"loc":{"start":{"line":397,"column":75},"end":{"line":430,"column":5}},"line":397},"60":{"name":"(anonymous_60)","decl":{"start":{"line":417,"column":24},"end":{"line":417,"column":25}},"loc":{"start":{"line":417,"column":29},"end":{"line":420,"column":13}},"line":417},"61":{"name":"(anonymous_61)","decl":{"start":{"line":420,"column":21},"end":{"line":420,"column":22}},"loc":{"start":{"line":420,"column":26},"end":{"line":423,"column":13}},"line":420},"62":{"name":"getHistoric","decl":{"start":{"line":432,"column":32},"end":{"line":432,"column":43}},"loc":{"start":{"line":432,"column":55},"end":{"line":434,"column":5}},"line":432}},"branchMap":{"0":{"loc":{"start":{"line":111,"column":8},"end":{"line":115,"column":9}},"type":"if","locations":[{"start":{"line":111,"column":8},"end":{"line":115,"column":9}},{"start":{"line":113,"column":15},"end":{"line":115,"column":9}}],"line":111},"1":{"loc":{"start":{"line":124,"column":8},"end":{"line":128,"column":9}},"type":"if","locations":[{"start":{"line":124,"column":8},"end":{"line":128,"column":9}},{"start":{"line":126,"column":15},"end":{"line":128,"column":9}}],"line":124},"2":{"loc":{"start":{"line":138,"column":8},"end":{"line":142,"column":9}},"type":"if","locations":[{"start":{"line":138,"column":8},"end":{"line":142,"column":9}},{"start":{"line":140,"column":15},"end":{"line":142,"column":9}}],"line":138},"3":{"loc":{"start":{"line":150,"column":8},"end":{"line":154,"column":9}},"type":"if","locations":[{"start":{"line":150,"column":8},"end":{"line":154,"column":9}},{"start":{"line":152,"column":15},"end":{"line":154,"column":9}}],"line":150},"4":{"loc":{"start":{"line":163,"column":8},"end":{"line":167,"column":9}},"type":"if","locations":[{"start":{"line":163,"column":8},"end":{"line":167,"column":9}},{"start":{"line":165,"column":15},"end":{"line":167,"column":9}}],"line":163},"5":{"loc":{"start":{"line":185,"column":8},"end":{"line":201,"column":9}},"type":"if","locations":[{"start":{"line":185,"column":8},"end":{"line":201,"column":9}},{"start":{},"end":{}}],"line":185},"6":{"loc":{"start":{"line":186,"column":12},"end":{"line":191,"column":13}},"type":"if","locations":[{"start":{"line":186,"column":12},"end":{"line":191,"column":13}},{"start":{},"end":{}}],"line":186},"7":{"loc":{"start":{"line":192,"column":12},"end":{"line":195,"column":13}},"type":"if","locations":[{"start":{"line":192,"column":12},"end":{"line":195,"column":13}},{"start":{},"end":{}}],"line":192},"8":{"loc":{"start":{"line":196,"column":12},"end":{"line":199,"column":13}},"type":"if","locations":[{"start":{"line":196,"column":12},"end":{"line":199,"column":13}},{"start":{},"end":{}}],"line":196},"9":{"loc":{"start":{"line":208,"column":12},"end":{"line":212,"column":13}},"type":"if","locations":[{"start":{"line":208,"column":12},"end":{"line":212,"column":13}},{"start":{"line":210,"column":19},"end":{"line":212,"column":13}}],"line":208},"10":{"loc":{"start":{"line":241,"column":16},"end":{"line":245,"column":17}},"type":"if","locations":[{"start":{"line":241,"column":16},"end":{"line":245,"column":17}},{"start":{"line":243,"column":23},"end":{"line":245,"column":17}}],"line":241},"11":{"loc":{"start":{"line":251,"column":16},"end":{"line":255,"column":17}},"type":"if","locations":[{"start":{"line":251,"column":16},"end":{"line":255,"column":17}},{"start":{"line":253,"column":23},"end":{"line":255,"column":17}}],"line":251},"12":{"loc":{"start":{"line":258,"column":42},"end":{"line":258,"column":58}},"type":"default-arg","locations":[{"start":{"line":258,"column":49},"end":{"line":258,"column":58}}],"line":258},"13":{"loc":{"start":{"line":258,"column":59},"end":{"line":258,"column":80}},"type":"default-arg","locations":[{"start":{"line":258,"column":71},"end":{"line":258,"column":80}}],"line":258},"14":{"loc":{"start":{"line":259,"column":8},"end":{"line":270,"column":9}},"type":"if","locations":[{"start":{"line":259,"column":8},"end":{"line":270,"column":9}},{"start":{"line":265,"column":13},"end":{"line":270,"column":9}}],"line":259},"15":{"loc":{"start":{"line":259,"column":12},"end":{"line":259,"column":55}},"type":"binary-expr","locations":[{"start":{"line":259,"column":12},"end":{"line":259,"column":35}},{"start":{"line":259,"column":39},"end":{"line":259,"column":55}}],"line":259},"16":{"loc":{"start":{"line":260,"column":12},"end":{"line":263,"column":88}},"type":"if","locations":[{"start":{"line":260,"column":12},"end":{"line":263,"column":88}},{"start":{"line":263,"column":17},"end":{"line":263,"column":88}}],"line":260},"17":{"loc":{"start":{"line":260,"column":16},"end":{"line":260,"column":49}},"type":"binary-expr","locations":[{"start":{"line":260,"column":16},"end":{"line":260,"column":34}},{"start":{"line":260,"column":38},"end":{"line":260,"column":49}}],"line":260},"18":{"loc":{"start":{"line":266,"column":12},"end":{"line":269,"column":108}},"type":"if","locations":[{"start":{"line":266,"column":12},"end":{"line":269,"column":108}},{"start":{"line":269,"column":17},"end":{"line":269,"column":108}}],"line":266},"19":{"loc":{"start":{"line":266,"column":16},"end":{"line":266,"column":49}},"type":"binary-expr","locations":[{"start":{"line":266,"column":16},"end":{"line":266,"column":34}},{"start":{"line":266,"column":38},"end":{"line":266,"column":49}}],"line":266},"20":{"loc":{"start":{"line":313,"column":54},"end":{"line":313,"column":68}},"type":"default-arg","locations":[{"start":{"line":313,"column":59},"end":{"line":313,"column":68}}],"line":313},"21":{"loc":{"start":{"line":322,"column":12},"end":{"line":326,"column":13}},"type":"if","locations":[{"start":{"line":322,"column":12},"end":{"line":326,"column":13}},{"start":{"line":324,"column":17},"end":{"line":326,"column":13}}],"line":322},"22":{"loc":{"start":{"line":334,"column":12},"end":{"line":364,"column":13}},"type":"if","locations":[{"start":{"line":334,"column":12},"end":{"line":364,"column":13}},{"start":{},"end":{}}],"line":334},"23":{"loc":{"start":{"line":335,"column":16},"end":{"line":338,"column":17}},"type":"if","locations":[{"start":{"line":335,"column":16},"end":{"line":338,"column":17}},{"start":{},"end":{}}],"line":335},"24":{"loc":{"start":{"line":339,"column":16},"end":{"line":346,"column":17}},"type":"if","locations":[{"start":{"line":339,"column":16},"end":{"line":346,"column":17}},{"start":{},"end":{}}],"line":339},"25":{"loc":{"start":{"line":347,"column":16},"end":{"line":354,"column":17}},"type":"if","locations":[{"start":{"line":347,"column":16},"end":{"line":354,"column":17}},{"start":{},"end":{}}],"line":347},"26":{"loc":{"start":{"line":355,"column":16},"end":{"line":362,"column":17}},"type":"if","locations":[{"start":{"line":355,"column":16},"end":{"line":362,"column":17}},{"start":{},"end":{}}],"line":355},"27":{"loc":{"start":{"line":401,"column":8},"end":{"line":404,"column":9}},"type":"if","locations":[{"start":{"line":401,"column":8},"end":{"line":404,"column":9}},{"start":{},"end":{}}],"line":401},"28":{"loc":{"start":{"line":405,"column":8},"end":{"line":428,"column":9}},"type":"if","locations":[{"start":{"line":405,"column":8},"end":{"line":428,"column":9}},{"start":{"line":425,"column":13},"end":{"line":428,"column":9}}],"line":405}},"s":{"0":1,"1":1,"2":1,"3":1,"4":1,"5":1,"6":1,"7":1,"8":9,"9":7,"10":5,"11":2,"12":2,"13":2,"14":5,"15":5,"16":3,"17":2,"18":0,"19":0,"20":2,"21":2,"22":1,"23":1,"24":0,"25":0,"26":2,"27":2,"28":1,"29":1,"30":0,"31":0,"32":3,"33":2,"34":1,"35":1,"36":1,"37":1,"38":4,"39":4,"40":4,"41":2,"42":2,"43":2,"44":3,"45":3,"46":2,"47":1,"48":1,"49":1,"50":1,"51":2,"52":1,"53":1,"54":2,"55":1,"56":1,"57":2,"58":2,"59":2,"60":2,"61":1,"62":1,"63":1,"64":1,"65":1,"66":1,"67":0,"68":0,"69":12,"70":12,"71":11,"72":1,"73":10,"74":10,"75":6,"76":4,"77":4,"78":2,"79":1,"80":1,"81":1,"82":2,"83":1,"84":1,"85":1,"86":7,"87":6,"88":6,"89":1,"90":1,"91":10,"92":10,"93":10,"94":0,"95":0,"96":1,"97":1,"98":2,"99":2,"100":1,"101":1,"102":3,"103":3,"104":2,"105":1,"106":1,"107":2,"108":1,"109":1,"110":1,"111":1,"112":0,"113":1,"114":2,"115":1,"116":1,"117":1,"118":1,"119":0,"120":1,"121":2,"122":1,"123":1,"124":1,"125":1,"126":0,"127":1,"128":2,"129":11,"130":11,"131":1,"132":1,"133":7,"134":7,"135":1,"136":1,"137":2,"138":2,"139":2,"140":2,"141":0,"142":0,"143":0,"144":0,"145":0,"146":0,"147":0,"148":0,"149":0,"150":0,"151":0,"152":0,"153":0,"154":1},"f":{"0":9,"1":7,"2":2,"3":5,"4":5,"5":0,"6":2,"7":2,"8":0,"9":2,"10":2,"11":0,"12":3,"13":2,"14":1,"15":4,"16":2,"17":2,"18":3,"19":3,"20":2,"21":2,"22":1,"23":1,"24":0,"25":12,"26":12,"27":10,"28":10,"29":4,"30":1,"31":1,"32":7,"33":6,"34":1,"35":10,"36":10,"37":0,"38":1,"39":1,"40":2,"41":2,"42":3,"43":3,"44":1,"45":0,"46":1,"47":0,"48":1,"49":0,"50":11,"51":11,"52":1,"53":7,"54":7,"55":1,"56":2,"57":2,"58":2,"59":0,"60":0,"61":0,"62":1},"b":{"0":[5,2],"1":[3,2],"2":[1,1],"3":[1,1],"4":[1,1],"5":[2,1],"6":[1,1],"7":[1,1],"8":[1,1],"9":[1,1],"10":[11,1],"11":[6,4],"12":[1],"13":[1],"14":[2,2],"15":[4,3],"16":[1,1],"17":[2,1],"18":[1,1],"19":[2,2],"20":[1],"21":[1,1],"22":[2,1],"23":[1,1],"24":[1,1],"25":[1,1],"26":[1,1],"27":[0,0],"28":[0,0]},"_coverageSchema":"1a1c01bbd47fc00a2c39e90264f33305004495a9","hash":"5a37428ca972e745b7a8a378cb961e860590f8b3"}
}
