TN:
SF:db.js
FN:109,getMoney
FN:110,(anonymous_1)
FN:116,(anonymous_2)
FN:122,getCategorie
FN:123,(anonymous_4)
FN:129,(anonymous_5)
FN:136,getDescription
FN:137,(anonymous_7)
FN:143,(anonymous_8)
FN:148,getImage
FN:149,(anonymous_10)
FN:155,(anonymous_11)
FN:161,getID
FN:162,(anonymous_13)
FN:168,(anonymous_14)
FN:173,updateMoney
FN:176,(anonymous_16)
FN:178,(anonymous_17)
FN:183,updateProfils
FN:184,(anonymous_19)
FN:204,checkKey
FN:207,(anonymous_21)
FN:217,ToHistoric
FN:226,(anonymous_23)
FN:229,(anonymous_24)
FN:238,getProduct2
FN:240,(anonymous_26)
FN:248,getUser
FN:250,(anonymous_28)
FN:258,getProduct
FN:261,(anonymous_30)
FN:267,(anonymous_31)
FN:272,addUser
FN:278,(anonymous_33)
FN:281,(anonymous_34)
FN:296,add_object
FN:304,(anonymous_36)
FN:307,(anonymous_37)
FN:313,getdisplay_order
FN:314,(anonymous_39)
FN:319,viewsdetailsproduct
FN:321,(anonymous_41)
FN:332,updateorder
FN:333,(anonymous_43)
FN:341,(anonymous_44)
FN:344,(anonymous_45)
FN:349,(anonymous_46)
FN:352,(anonymous_47)
FN:357,(anonymous_48)
FN:360,(anonymous_49)
FN:367,deleteproduct
FN:368,(anonymous_51)
FN:370,(anonymous_52)
FN:377,deleteuser
FN:378,(anonymous_54)
FN:380,(anonymous_55)
FN:387,deleteHistoric
FN:388,(anonymous_57)
FN:390,(anonymous_58)
FN:397,checkpoint
FN:417,(anonymous_60)
FN:420,(anonymous_61)
FN:432,getHistoric
FNF:63
FNH:52
FNDA:9,getMoney
FNDA:7,(anonymous_1)
FNDA:2,(anonymous_2)
FNDA:5,getCategorie
FNDA:5,(anonymous_4)
FNDA:0,(anonymous_5)
FNDA:2,getDescription
FNDA:2,(anonymous_7)
FNDA:0,(anonymous_8)
FNDA:2,getImage
FNDA:2,(anonymous_10)
FNDA:0,(anonymous_11)
FNDA:3,getID
FNDA:2,(anonymous_13)
FNDA:1,(anonymous_14)
FNDA:4,updateMoney
FNDA:2,(anonymous_16)
FNDA:2,(anonymous_17)
FNDA:3,updateProfils
FNDA:3,(anonymous_19)
FNDA:2,checkKey
FNDA:2,(anonymous_21)
FNDA:1,ToHistoric
FNDA:1,(anonymous_23)
FNDA:0,(anonymous_24)
FNDA:12,getProduct2
FNDA:12,(anonymous_26)
FNDA:10,getUser
FNDA:10,(anonymous_28)
FNDA:4,getProduct
FNDA:1,(anonymous_30)
FNDA:1,(anonymous_31)
FNDA:7,addUser
FNDA:6,(anonymous_33)
FNDA:1,(anonymous_34)
FNDA:10,add_object
FNDA:10,(anonymous_36)
FNDA:0,(anonymous_37)
FNDA:1,getdisplay_order
FNDA:1,(anonymous_39)
FNDA:2,viewsdetailsproduct
FNDA:2,(anonymous_41)
FNDA:3,updateorder
FNDA:3,(anonymous_43)
FNDA:1,(anonymous_44)
FNDA:0,(anonymous_45)
FNDA:1,(anonymous_46)
FNDA:0,(anonymous_47)
FNDA:1,(anonymous_48)
FNDA:0,(anonymous_49)
FNDA:11,deleteproduct
FNDA:11,(anonymous_51)
FNDA:1,(anonymous_52)
FNDA:7,deleteuser
FNDA:7,(anonymous_54)
FNDA:1,(anonymous_55)
FNDA:2,deleteHistoric
FNDA:2,(anonymous_57)
FNDA:2,(anonymous_58)
FNDA:0,checkpoint
FNDA:0,(anonymous_60)
FNDA:0,(anonymous_61)
FNDA:1,getHistoric
DA:1,1
DA:2,1
DA:3,1
DA:4,1
DA:5,1
DA:13,1
DA:40,1
DA:72,1
DA:110,9
DA:111,7
DA:112,5
DA:114,2
DA:117,2
DA:118,2
DA:123,5
DA:124,5
DA:125,3
DA:127,2
DA:130,0
DA:131,0
DA:137,2
DA:138,2
DA:139,1
DA:141,1
DA:144,0
DA:145,0
DA:149,2
DA:150,2
DA:151,1
DA:153,1
DA:156,0
DA:157,0
DA:162,3
DA:163,2
DA:164,1
DA:166,1
DA:169,1
DA:170,1
DA:174,4
DA:175,4
DA:176,4
DA:177,2
DA:179,2
DA:180,2
DA:184,3
DA:185,3
DA:186,2
DA:187,1
DA:188,1
DA:189,1
DA:190,1
DA:192,2
DA:193,1
DA:194,1
DA:196,2
DA:197,1
DA:198,1
DA:200,2
DA:205,2
DA:206,2
DA:208,2
DA:209,1
DA:211,1
DA:215,1
DA:218,1
DA:227,1
DA:228,1
DA:230,0
DA:231,0
DA:239,12
DA:241,12
DA:242,11
DA:244,1
DA:249,10
DA:251,10
DA:252,6
DA:254,4
DA:259,4
DA:260,2
DA:261,1
DA:263,1
DA:266,2
DA:267,1
DA:269,1
DA:273,7
DA:279,6
DA:280,6
DA:282,1
DA:283,1
DA:297,10
DA:305,10
DA:306,10
DA:308,0
DA:309,0
DA:314,1
DA:315,1
DA:321,2
DA:322,2
DA:323,1
DA:325,1
DA:333,3
DA:334,3
DA:335,2
DA:336,1
DA:337,1
DA:339,2
DA:340,1
DA:341,1
DA:342,1
DA:343,1
DA:344,0
DA:345,1
DA:347,2
DA:348,1
DA:349,1
DA:350,1
DA:351,1
DA:352,0
DA:353,1
DA:355,2
DA:356,1
DA:357,1
DA:358,1
DA:359,1
DA:360,0
DA:361,1
DA:363,2
DA:368,11
DA:369,11
DA:371,1
DA:372,1
DA:378,7
DA:379,7
DA:381,1
DA:382,1
DA:388,2
DA:389,2
DA:391,2
DA:392,2
DA:401,0
DA:402,0
DA:403,0
DA:405,0
DA:406,0
DA:407,0
DA:411,0
DA:418,0
DA:419,0
DA:421,0
DA:422,0
DA:426,0
DA:427,0
DA:433,1
LF:153
LH:127
BRDA:111,0,0,5
BRDA:111,0,1,2
BRDA:124,1,0,3
BRDA:124,1,1,2
BRDA:138,2,0,1
BRDA:138,2,1,1
BRDA:150,3,0,1
BRDA:150,3,1,1
BRDA:163,4,0,1
BRDA:163,4,1,1
BRDA:185,5,0,2
BRDA:185,5,1,1
BRDA:186,6,0,1
BRDA:186,6,1,1
BRDA:192,7,0,1
BRDA:192,7,1,1
BRDA:196,8,0,1
BRDA:196,8,1,1
BRDA:208,9,0,1
BRDA:208,9,1,1
BRDA:241,10,0,11
BRDA:241,10,1,1
BRDA:251,11,0,6
BRDA:251,11,1,4
BRDA:258,12,0,1
BRDA:258,13,0,1
BRDA:259,14,0,2
BRDA:259,14,1,2
BRDA:259,15,0,4
BRDA:259,15,1,3
BRDA:260,16,0,1
BRDA:260,16,1,1
BRDA:260,17,0,2
BRDA:260,17,1,1
BRDA:266,18,0,1
BRDA:266,18,1,1
BRDA:266,19,0,2
BRDA:266,19,1,2
BRDA:313,20,0,1
BRDA:322,21,0,1
BRDA:322,21,1,1
BRDA:334,22,0,2
BRDA:334,22,1,1
BRDA:335,23,0,1
BRDA:335,23,1,1
BRDA:339,24,0,1
BRDA:339,24,1,1
BRDA:347,25,0,1
BRDA:347,25,1,1
BRDA:355,26,0,1
BRDA:355,26,1,1
BRDA:401,27,0,0
BRDA:401,27,1,0
BRDA:405,28,0,0
BRDA:405,28,1,0
BRF:55
BRH:51
end_of_record
