TN:
SF:db.js
FN:109,getMoney
FN:110,(anonymous_1)
FN:116,(anonymous_2)
FN:122,getCategorie
FN:123,(anonymous_4)
FN:133,getDescription
FN:134,(anonymous_6)
FN:142,getImage
FN:143,(anonymous_8)
FN:152,getID
FN:153,(anonymous_10)
FN:159,(anonymous_11)
FN:164,updateMoney
FN:167,(anonymous_13)
FN:169,(anonymous_14)
FN:174,updateProfils
FN:175,(anonymous_16)
FN:195,checkKey
FN:198,(anonymous_18)
FN:208,ToHistoric
FN:217,(anonymous_20)
FN:226,getProduct2
FN:228,(anonymous_22)
FN:236,getUser
FN:238,(anonymous_24)
FN:246,getProduct
FN:249,(anonymous_26)
FN:255,(anonymous_27)
FN:260,addUser
FN:266,(anonymous_29)
FN:269,(anonymous_30)
FN:284,add_object
FN:292,(anonymous_32)
FN:298,getdisplay_order
FN:299,(anonymous_34)
FN:304,viewsdetailsproduct
FN:306,(anonymous_36)
FN:317,updateorder
FN:318,(anonymous_38)
FN:326,(anonymous_39)
FN:333,(anonymous_40)
FN:340,(anonymous_41)
FN:349,deleteproduct
FN:350,(anonymous_43)
FN:352,(anonymous_44)
FN:359,deleteuser
FN:360,(anonymous_46)
FN:362,(anonymous_47)
FN:369,deleteHistoric
FN:370,(anonymous_49)
FN:372,(anonymous_50)
FN:381,getHistoric
FNF:52
FNH:52
FNDA:9,getMoney
FNDA:7,(anonymous_1)
FNDA:2,(anonymous_2)
FNDA:5,getCategorie
FNDA:5,(anonymous_4)
FNDA:2,getDescription
FNDA:2,(anonymous_6)
FNDA:2,getImage
FNDA:2,(anonymous_8)
FNDA:3,getID
FNDA:2,(anonymous_10)
FNDA:1,(anonymous_11)
FNDA:4,updateMoney
FNDA:2,(anonymous_13)
FNDA:2,(anonymous_14)
FNDA:3,updateProfils
FNDA:3,(anonymous_16)
FNDA:2,checkKey
FNDA:2,(anonymous_18)
FNDA:1,ToHistoric
FNDA:1,(anonymous_20)
FNDA:12,getProduct2
FNDA:12,(anonymous_22)
FNDA:10,getUser
FNDA:10,(anonymous_24)
FNDA:4,getProduct
FNDA:1,(anonymous_26)
FNDA:1,(anonymous_27)
FNDA:7,addUser
FNDA:6,(anonymous_29)
FNDA:1,(anonymous_30)
FNDA:10,add_object
FNDA:10,(anonymous_32)
FNDA:1,getdisplay_order
FNDA:1,(anonymous_34)
FNDA:2,viewsdetailsproduct
FNDA:2,(anonymous_36)
FNDA:3,updateorder
FNDA:3,(anonymous_38)
FNDA:1,(anonymous_39)
FNDA:1,(anonymous_40)
FNDA:1,(anonymous_41)
FNDA:11,deleteproduct
FNDA:11,(anonymous_43)
FNDA:1,(anonymous_44)
FNDA:7,deleteuser
FNDA:7,(anonymous_46)
FNDA:1,(anonymous_47)
FNDA:2,deleteHistoric
FNDA:2,(anonymous_49)
FNDA:2,(anonymous_50)
FNDA:1,getHistoric
DA:1,1
DA:2,1
DA:3,1
DA:4,1
DA:5,1
DA:13,1
DA:40,1
DA:72,1
DA:110,9
DA:111,7
DA:112,5
DA:114,2
DA:117,2
DA:118,2
DA:123,5
DA:124,5
DA:125,3
DA:127,2
DA:134,2
DA:135,2
DA:136,1
DA:138,1
DA:143,2
DA:144,2
DA:145,1
DA:147,1
DA:153,3
DA:154,2
DA:155,1
DA:157,1
DA:160,1
DA:161,1
DA:165,4
DA:166,4
DA:167,4
DA:168,2
DA:170,2
DA:171,2
DA:175,3
DA:176,3
DA:177,2
DA:178,1
DA:179,1
DA:180,1
DA:181,1
DA:183,2
DA:184,1
DA:185,1
DA:187,2
DA:188,1
DA:189,1
DA:191,2
DA:196,2
DA:197,2
DA:199,2
DA:200,1
DA:202,1
DA:206,1
DA:209,1
DA:218,1
DA:219,1
DA:227,12
DA:229,12
DA:230,11
DA:232,1
DA:237,10
DA:239,10
DA:240,6
DA:242,4
DA:247,4
DA:248,2
DA:249,1
DA:251,1
DA:254,2
DA:255,1
DA:257,1
DA:261,7
DA:267,6
DA:268,6
DA:270,1
DA:271,1
DA:285,10
DA:293,10
DA:294,10
DA:299,1
DA:300,1
DA:306,2
DA:307,2
DA:308,1
DA:310,1
DA:318,3
DA:319,3
DA:320,2
DA:321,1
DA:322,1
DA:324,2
DA:325,1
DA:326,1
DA:327,1
DA:328,1
DA:331,2
DA:332,1
DA:333,1
DA:334,1
DA:335,1
DA:338,2
DA:339,1
DA:340,1
DA:341,1
DA:342,1
DA:345,2
DA:350,11
DA:351,11
DA:353,1
DA:354,1
DA:360,7
DA:361,7
DA:363,1
DA:364,1
DA:370,2
DA:371,2
DA:373,2
DA:374,2
DA:382,1
LF:124
LH:124
BRDA:111,0,0,5
BRDA:111,0,1,2
BRDA:124,1,0,3
BRDA:124,1,1,2
BRDA:135,2,0,1
BRDA:135,2,1,1
BRDA:144,3,0,1
BRDA:144,3,1,1
BRDA:154,4,0,1
BRDA:154,4,1,1
BRDA:176,5,0,2
BRDA:176,5,1,1
BRDA:177,6,0,1
BRDA:177,6,1,1
BRDA:183,7,0,1
BRDA:183,7,1,1
BRDA:187,8,0,1
BRDA:187,8,1,1
BRDA:199,9,0,1
BRDA:199,9,1,1
BRDA:229,10,0,11
BRDA:229,10,1,1
BRDA:239,11,0,6
BRDA:239,11,1,4
BRDA:246,12,0,1
BRDA:246,13,0,1
BRDA:247,14,0,2
BRDA:247,14,1,2
BRDA:247,15,0,4
BRDA:247,15,1,3
BRDA:248,16,0,1
BRDA:248,16,1,1
BRDA:248,17,0,2
BRDA:248,17,1,1
BRDA:254,18,0,1
BRDA:254,18,1,1
BRDA:254,19,0,2
BRDA:254,19,1,2
BRDA:298,20,0,1
BRDA:307,21,0,1
BRDA:307,21,1,1
BRDA:319,22,0,2
BRDA:319,22,1,1
BRDA:320,23,0,1
BRDA:320,23,1,1
BRDA:324,24,0,1
BRDA:324,24,1,1
BRDA:331,25,0,1
BRDA:331,25,1,1
BRDA:338,26,0,1
BRDA:338,26,1,1
BRF:51
BRH:51
end_of_record
